<?xml version="1.0" encoding="UTF-8"?>
<!-- Generated by org.testng.reporters.JUnitReportReporter -->
<testsuite hostname="DESKTOP-NDR2GDP" failures="0" tests="7" name="com.tutorialsninja.qa.testcases.Login" time="60.867" errors="0" timestamp="2022-12-27T11:35:33 CET" skipped="0">
  <testcase classname="com.tutorialsninja.qa.testcases.Login" name="verifyLoginWithValidCredentials" time="7.428"/>
  <system-out/>
  <testcase classname="com.tutorialsninja.qa.testcases.Login" name="verifyLoginWithValidCredentials" time="9.003"/>
  <system-out/>
  <testcase classname="com.tutorialsninja.qa.testcases.Login" name="verifyLoginWithValidCredentials" time="7.844"/>
  <system-out/>
  <testcase classname="com.tutorialsninja.qa.testcases.Login" name="verifyLoginWithInvalidCredentials" time="7.414"/>
  <system-out/>
  <testcase classname="com.tutorialsninja.qa.testcases.Login" name="verifyLoginWithInvalidEmailAndValidPassword" time="8.025"/>
  <system-out/>
  <testcase classname="com.tutorialsninja.qa.testcases.Login" name="verifyLoginWithValidEmailAndInvalidPassword" time="14.175"/>
  <system-out/>
  <testcase classname="com.tutorialsninja.qa.testcases.Login" name="verifyLoginWithoutProvidingCredentials" time="6.978"/>
  <system-out/>
</testsuite> <!-- com.tutorialsninja.qa.testcases.Login -->
