<?xml version="1.0" encoding="UTF-8"?>
<!-- Generated by org.testng.reporters.JUnitReportReporter -->
<testsuite hostname="DESKTOP-NDR2GDP" failures="0" tests="3" name="com.tutorialsninja.qa.testcases.Search" time="24.326" errors="0" timestamp="2022-12-27T11:35:33 CET" skipped="0">
  <testcase classname="com.tutorialsninja.qa.testcases.Search" name="verifySearchWithValidProduct" time="7.911"/>
  <system-out/>
  <testcase classname="com.tutorialsninja.qa.testcases.Search" name="verifySearchWithInvalidProduct" time="9.287"/>
  <system-out/>
  <testcase classname="com.tutorialsninja.qa.testcases.Search" name="verifySearchWithoutProvidingProductName" time="7.128"/>
  <system-out/>
</testsuite> <!-- com.tutorialsninja.qa.testcases.Search -->
